Using pre-set license
Built from '2021.3/staging' branch; Version is '2021.3.13f1 (9e7d58001ecf) revision 10386776'; Using compiler version '192829333'; Build Type 'Release'
OS: 'Windows 10  (10.0.19045) 64bit Core' Language: 'ko' Physical Memory: 16075 MB
BatchMode: 1, IsHumanControllingUs: 0, StartBugReporterOnCrash: 0, Is64bit: 1, IsPro: 1

COMMAND LINE ARGUMENTS:
C:\Program Files\Unity\Hub\Editor\2021.3.13f1\Editor\Unity.exe
-adb2
-batchMode
-noUpm
-name
AssetImportWorker2
-projectPath
C:/Unity/Project S
-logFile
Logs/AssetImportWorker2.log
-srvPort
52395
Successfully changed project path to: C:/Unity/Project S
C:/Unity/Project S
[UnityMemory] Configuration Parameters - Can be set up in boot.config
    "memorysetup-bucket-allocator-granularity=16"
    "memorysetup-bucket-allocator-bucket-count=8"
    "memorysetup-bucket-allocator-block-size=33554432"
    "memorysetup-bucket-allocator-block-count=8"
    "memorysetup-main-allocator-block-size=16777216"
    "memorysetup-thread-allocator-block-size=16777216"
    "memorysetup-gfx-main-allocator-block-size=16777216"
    "memorysetup-gfx-thread-allocator-block-size=16777216"
    "memorysetup-cache-allocator-block-size=4194304"
    "memorysetup-typetree-allocator-block-size=2097152"
    "memorysetup-profiler-bucket-allocator-granularity=16"
    "memorysetup-profiler-bucket-allocator-bucket-count=8"
    "memorysetup-profiler-bucket-allocator-block-size=33554432"
    "memorysetup-profiler-bucket-allocator-block-count=8"
    "memorysetup-profiler-allocator-block-size=16777216"
    "memorysetup-profiler-editor-allocator-block-size=1048576"
    "memorysetup-temp-allocator-size-main=16777216"
    "memorysetup-job-temp-allocator-block-size=2097152"
    "memorysetup-job-temp-allocator-block-size-background=1048576"
    "memorysetup-job-temp-allocator-reduction-small-platforms=262144"
    "memorysetup-temp-allocator-size-background-worker=32768"
    "memorysetup-temp-allocator-size-job-worker=262144"
    "memorysetup-temp-allocator-size-preload-manager=33554432"
    "memorysetup-temp-allocator-size-nav-mesh-worker=65536"
    "memorysetup-temp-allocator-size-audio-worker=65536"
    "memorysetup-temp-allocator-size-cloud-worker=32768"
    "memorysetup-temp-allocator-size-gi-baking-worker=262144"
    "memorysetup-temp-allocator-size-gfx=262144"
Refreshing native plugins compatible for Editor in 112.49 ms, found 4 plugins.
Preloading 0 native plugins for Editor in 0.00 ms.
Initialize engine version: 2021.3.13f1 (9e7d58001ecf)
[Subsystems] Discovering subsystems at path C:/Program Files/Unity/Hub/Editor/2021.3.13f1/Editor/Data/Resources/UnitySubsystems
[Subsystems] Discovering subsystems at path C:/Unity/Project S/Assets
GfxDevice: creating device client; threaded=0; jobified=0
Direct3D:
    Version:  Direct3D 11.0 [level 11.1]
    Renderer: Intel(R) Iris(R) Xe Graphics (ID=0x9a49)
    Vendor:   Intel
    VRAM:     8037 MB
    Driver:   30.0.101.1404
Initialize mono
Mono path[0] = 'C:/Program Files/Unity/Hub/Editor/2021.3.13f1/Editor/Data/Managed'
Mono path[1] = 'C:/Program Files/Unity/Hub/Editor/2021.3.13f1/Editor/Data/MonoBleedingEdge/lib/mono/unityjit-win32'
Mono config path = 'C:/Program Files/Unity/Hub/Editor/2021.3.13f1/Editor/Data/MonoBleedingEdge/etc'
Using monoOptions --debugger-agent=transport=dt_socket,embedding=1,server=y,suspend=n,address=127.0.0.1:56304
Begin MonoManager ReloadAssembly
Registering precompiled unity dll's ...
Register platform support module: C:/Program Files/Unity/Hub/Editor/2021.3.13f1/Editor/Data/PlaybackEngines/AndroidPlayer/UnityEditor.Android.Extensions.dll
Register platform support module: C:/Program Files/Unity/Hub/Editor/2021.3.13f1/Editor/Data/PlaybackEngines/WindowsStandaloneSupport/UnityEditor.WindowsStandalone.Extensions.dll
Registered in 0.011552 seconds.
Native extension for WindowsStandalone target not found
Native extension for Android target not found
Refreshing native plugins compatible for Editor in 106.19 ms, found 4 plugins.
Preloading 0 native plugins for Editor in 0.00 ms.
Mono: successfully reloaded assembly
- Completed reload, in  0.695 seconds
Domain Reload Profiling:
	ReloadAssembly (696ms)
		BeginReloadAssembly (87ms)
			ExecutionOrderSort (0ms)
			DisableScriptedObjects (0ms)
			BackupInstance (0ms)
			ReleaseScriptingObjects (0ms)
			CreateAndSetChildDomain (1ms)
		EndReloadAssembly (492ms)
			LoadAssemblies (84ms)
			RebuildTransferFunctionScriptingTraits (0ms)
			SetupTypeCache (103ms)
			ReleaseScriptCaches (0ms)
			RebuildScriptCaches (34ms)
			SetupLoadedEditorAssemblies (305ms)
				LogAssemblyErrors (0ms)
				InitializePlatformSupportModulesInManaged (58ms)
				SetLoadedEditorAssemblies (0ms)
				RefreshPlugins (106ms)
				BeforeProcessingInitializeOnLoad (1ms)
				ProcessInitializeOnLoadAttributes (90ms)
				ProcessInitializeOnLoadMethodAttributes (48ms)
				AfterProcessingInitializeOnLoad (0ms)
				EditorAssembliesLoaded (0ms)
			ExecutionOrderSort2 (0ms)
			AwakeInstancesAfterBackupRestoration (0ms)
Platform modules already initialized, skipping
Registering precompiled user dll's ...
Registered in 0.012388 seconds.
Android Extension - Scanning For ADB Devices 5229 ms
Begin MonoManager ReloadAssembly
Symbol file LoadedFromMemory doesn't match image C:\Unity\Project S\Library\PackageCache\com.unity.visualscripting@1.7.8\Editor\VisualScripting.Core\Dependencies\YamlDotNet\Unity.VisualScripting.YamlDotNet.dll
Symbol file LoadedFromMemory doesn't match image C:\Unity\Project S\Library\PackageCache\com.unity.visualscripting@1.7.8\Editor\VisualScripting.Core\Dependencies\DotNetZip\Unity.VisualScripting.IonicZip.dll
Native extension for WindowsStandalone target not found
Native extension for Android target not found
Refreshing native plugins compatible for Editor in 181.07 ms, found 4 plugins.
Preloading 0 native plugins for Editor in 0.00 ms.
Mono: successfully reloaded assembly
- Completed reload, in  9.329 seconds
Domain Reload Profiling:
	ReloadAssembly (9330ms)
		BeginReloadAssembly (167ms)
			ExecutionOrderSort (0ms)
			DisableScriptedObjects (7ms)
			BackupInstance (0ms)
			ReleaseScriptingObjects (0ms)
			CreateAndSetChildDomain (26ms)
		EndReloadAssembly (8954ms)
			LoadAssemblies (5470ms)
			RebuildTransferFunctionScriptingTraits (0ms)
			SetupTypeCache (935ms)
			ReleaseScriptCaches (1ms)
			RebuildScriptCaches (109ms)
			SetupLoadedEditorAssemblies (2337ms)
				LogAssemblyErrors (0ms)
				InitializePlatformSupportModulesInManaged (22ms)
				SetLoadedEditorAssemblies (0ms)
				RefreshPlugins (181ms)
				BeforeProcessingInitializeOnLoad (197ms)
				ProcessInitializeOnLoadAttributes (452ms)
				ProcessInitializeOnLoadMethodAttributes (1466ms)
				AfterProcessingInitializeOnLoad (18ms)
				EditorAssembliesLoaded (0ms)
			ExecutionOrderSort2 (0ms)
			AwakeInstancesAfterBackupRestoration (26ms)
Platform modules already initialized, skipping
========================================================================
Worker process is ready to serve import requests
Launched and connected shader compiler UnityShaderCompiler.exe after 0.08 seconds
Refreshing native plugins compatible for Editor in 1.59 ms, found 4 plugins.
Preloading 0 native plugins for Editor in 0.00 ms.
Unloading 5469 Unused Serialized files (Serialized files now loaded: 0)
Unloading 58 unused Assets / (1.2 MB). Loaded Objects now: 5909.
Memory consumption went from 214.0 MB to 212.8 MB.
Total: 7.880900 ms (FindLiveObjects: 0.680900 ms CreateObjectMapping: 0.972800 ms MarkObjects: 5.324600 ms  DeleteObjects: 0.900500 ms)

AssetImportParameters requested are different than current active one (requested -> active):
  custom:video-decoder-ogg-theora: a1e56fd34408186e4bbccfd4996cb3dc -> 
  custom:container-muxer-webm: aa71ff27fc2769a1b78a27578f13a17b -> 
  custom:container-demuxer-webm: 4f35f7cbe854078d1ac9338744f61a02 -> 
  custom:video-encoder-webm-vp8: eb34c28f22e8b96e1ab97ce403110664 -> 
  custom:audio-encoder-webm-vorbis: bf7c407c2cedff20999df2af8eb42d56 -> 
  custom:framework-win-MediaFoundation: 216162199b28c13a410421893ffa2e32 -> 
  custom:container-demuxer-ogg: 62fdf1f143b41e24485cea50d1cbac27 -> 
  custom:video-decoder-webm-vp8: 9c59270c3fd7afecdb556c50c9e8de78 -> 
  custom:audio-decoder-ogg-vorbis: bf7c407c2cedff20999df2af8eb42d56 -> 
========================================================================
Received Import Request.
  Time since last request: 1078978.932180 seconds.
  path: Assets/Prefabs/Enemies/Nautolan/Nautolan Ship - Dreadnought.prefab
  artifactKey: Guid(0d7bce77b75a98443b2eed4a709c8ff3) Importer(815301076,1909f56bfc062723c751e8b465ee728b)
Start importing Assets/Prefabs/Enemies/Nautolan/Nautolan Ship - Dreadnought.prefab using Guid(0d7bce77b75a98443b2eed4a709c8ff3) Importer(815301076,1909f56bfc062723c751e8b465ee728b)  -> (artifact id: '08908160e02c4b19dcb10bc95d0a3522') in 0.271502 seconds 
========================================================================
Received Import Request.
  Time since last request: 9.132118 seconds.
  path: Assets/Sprites/Enemy/Nautolan/Weapon_S/Nautolan Ship - Torpedo Ship - Weapons-Sheet.png
  artifactKey: Guid(7038cb5aadaf72a4cbb92947bce445e2) Importer(815301076,1909f56bfc062723c751e8b465ee728b)
Start importing Assets/Sprites/Enemy/Nautolan/Weapon_S/Nautolan Ship - Torpedo Ship - Weapons-Sheet.png using Guid(7038cb5aadaf72a4cbb92947bce445e2) Importer(815301076,1909f56bfc062723c751e8b465ee728b)  -> (artifact id: 'e1dda5cd72e541254488ef8dcdc9dc2b') in 0.083096 seconds 
========================================================================
Received Import Request.
  Time since last request: 367.752345 seconds.
  path: Assets/Sprites/Enemy/Nautolan/Weapon_S/Nautolan Ship - Torpedo Ship_Re.png
  artifactKey: Guid(7c358ea6c6a72c243b6b1d7a16c66e70) Importer(815301076,1909f56bfc062723c751e8b465ee728b)
Start importing Assets/Sprites/Enemy/Nautolan/Weapon_S/Nautolan Ship - Torpedo Ship_Re.png using Guid(7c358ea6c6a72c243b6b1d7a16c66e70) Importer(815301076,1909f56bfc062723c751e8b465ee728b)  -> (artifact id: 'cf2e21e3ec6c8d084662120b52533b07') in 0.021066 seconds 
========================================================================
Received Import Request.
  Time since last request: 13.358103 seconds.
  path: Assets/Sprites/Enemy/Nautolan/Weapon_S/Nautolan Ship - Torpedo Ship_Re.png
  artifactKey: Guid(7c358ea6c6a72c243b6b1d7a16c66e70) Importer(815301076,1909f56bfc062723c751e8b465ee728b)
Start importing Assets/Sprites/Enemy/Nautolan/Weapon_S/Nautolan Ship - Torpedo Ship_Re.png using Guid(7c358ea6c6a72c243b6b1d7a16c66e70) Importer(815301076,1909f56bfc062723c751e8b465ee728b)  -> (artifact id: '263ea60c35b4f6eec17d611fbb86dc7a') in 0.015985 seconds 
========================================================================
Received Import Request.
  Time since last request: 8.297666 seconds.
  path: Assets/Sprites/Enemy/Nautolan/Weapon_S/Nautolan Ship - Torpedo Ship_Re.png
  artifactKey: Guid(7c358ea6c6a72c243b6b1d7a16c66e70) Importer(815301076,1909f56bfc062723c751e8b465ee728b)
Start importing Assets/Sprites/Enemy/Nautolan/Weapon_S/Nautolan Ship - Torpedo Ship_Re.png using Guid(7c358ea6c6a72c243b6b1d7a16c66e70) Importer(815301076,1909f56bfc062723c751e8b465ee728b)  -> (artifact id: '50485a521f3bf15ea011c58c2ad2445d') in 0.007467 seconds 
========================================================================
Received Import Request.
  Time since last request: 9.510289 seconds.
  path: Assets/Sprites/Enemy/Nautolan/Weapon_S/Nautolan Ship - Torpedo Ship_Re.png
  artifactKey: Guid(7c358ea6c6a72c243b6b1d7a16c66e70) Importer(815301076,1909f56bfc062723c751e8b465ee728b)
Start importing Assets/Sprites/Enemy/Nautolan/Weapon_S/Nautolan Ship - Torpedo Ship_Re.png using Guid(7c358ea6c6a72c243b6b1d7a16c66e70) Importer(815301076,1909f56bfc062723c751e8b465ee728b)  -> (artifact id: 'bc611495d069a94aa281ad0bdedf02ed') in 0.034213 seconds 
========================================================================
Received Import Request.
  Time since last request: 89.241587 seconds.
  path: Assets/Animation/Enemy/Nautolan/TorpedoShip/Fire.anim
  artifactKey: Guid(fa8fa5941b36dd24fa29ea430dea121d) Importer(815301076,1909f56bfc062723c751e8b465ee728b)
Start importing Assets/Animation/Enemy/Nautolan/TorpedoShip/Fire.anim using Guid(fa8fa5941b36dd24fa29ea430dea121d) Importer(815301076,1909f56bfc062723c751e8b465ee728b)  -> (artifact id: 'c66b93cc7f36ad73e176f9245e53bf47') in 0.016715 seconds 
========================================================================
Received Import Request.
  Time since last request: 1688.553819 seconds.
  path: Assets/Animation/Enemy/Nairan/TorpedoShip/Nairan - Torpedo Ship.controller
  artifactKey: Guid(cf774aed7c81fac4ea727ec25bc311df) Importer(815301076,1909f56bfc062723c751e8b465ee728b)
Start importing Assets/Animation/Enemy/Nairan/TorpedoShip/Nairan - Torpedo Ship.controller using Guid(cf774aed7c81fac4ea727ec25bc311df) Importer(815301076,1909f56bfc062723c751e8b465ee728b)  -> (artifact id: 'd8e1027a917e333fec471fc0d37f61ed') in 0.044617 seconds 
========================================================================
Received Import Request.
  Time since last request: 381.417024 seconds.
  path: Assets/Animation/Enemy/Nautolan/TorpedoShip/Fire.anim
  artifactKey: Guid(fa8fa5941b36dd24fa29ea430dea121d) Importer(815301076,1909f56bfc062723c751e8b465ee728b)
Start importing Assets/Animation/Enemy/Nautolan/TorpedoShip/Fire.anim using Guid(fa8fa5941b36dd24fa29ea430dea121d) Importer(815301076,1909f56bfc062723c751e8b465ee728b)  -> (artifact id: 'baf9dce1f8ac5b82089547ff8dcb564e') in 0.005138 seconds 
========================================================================
Received Import Request.
  Time since last request: 2.200054 seconds.
  path: Assets/Animation/Enemy/Nautolan/TorpedoShip/Reload.anim
  artifactKey: Guid(de01734c9c766a44ab5ddbe4998fdc61) Importer(815301076,1909f56bfc062723c751e8b465ee728b)
Start importing Assets/Animation/Enemy/Nautolan/TorpedoShip/Reload.anim using Guid(de01734c9c766a44ab5ddbe4998fdc61) Importer(815301076,1909f56bfc062723c751e8b465ee728b)  -> (artifact id: 'd614211289fcbf79147cd8ff7013ec1e') in 0.014609 seconds 
========================================================================
Received Import Request.
  Time since last request: 51.112806 seconds.
  path: Assets/Animation/Enemy/Nautolan/TorpedoShip/Nautolan Ship - Torpedo Ship.controller
  artifactKey: Guid(906063dd6a887ec46949d4bc71401e2a) Importer(815301076,1909f56bfc062723c751e8b465ee728b)
Start importing Assets/Animation/Enemy/Nautolan/TorpedoShip/Nautolan Ship - Torpedo Ship.controller using Guid(906063dd6a887ec46949d4bc71401e2a) Importer(815301076,1909f56bfc062723c751e8b465ee728b)  -> (artifact id: '1382905c61b5b35f692418c721bc735b') in 0.027875 seconds 
========================================================================
Received Import Request.
  Time since last request: 84.742189 seconds.
  path: Assets/Prefabs/Enemies/Nautolan/Nautolan Ship - Torpedo Ship.prefab
  artifactKey: Guid(966e3d980d3dc654985d8e6b7a959a46) Importer(815301076,1909f56bfc062723c751e8b465ee728b)
Start importing Assets/Prefabs/Enemies/Nautolan/Nautolan Ship - Torpedo Ship.prefab using Guid(966e3d980d3dc654985d8e6b7a959a46) Importer(815301076,1909f56bfc062723c751e8b465ee728b)  -> (artifact id: '57174bf62e08a95761c4705942b6c4cb') in 0.033171 seconds 
========================================================================
Received Import Request.
  Time since last request: 88.046374 seconds.
  path: Assets/Sprites/Enemy/Nautolan/Destroy/Nautolan Ship - Frigate-Sheet.png
  artifactKey: Guid(cd2eba5919457cf46ab593ca10197f93) Importer(815301076,1909f56bfc062723c751e8b465ee728b)
Start importing Assets/Sprites/Enemy/Nautolan/Destroy/Nautolan Ship - Frigate-Sheet.png using Guid(cd2eba5919457cf46ab593ca10197f93) Importer(815301076,1909f56bfc062723c751e8b465ee728b)  -> (artifact id: 'ae768421934b83ac6fd3794503ef645b') in 0.018056 seconds 
========================================================================
Received Import Request.
  Time since last request: 10.906387 seconds.
  path: Assets/Sprites/Enemy/Nautolan/Destroy/Nautolan Ship - Frigate-Sheet.png
  artifactKey: Guid(cd2eba5919457cf46ab593ca10197f93) Importer(815301076,1909f56bfc062723c751e8b465ee728b)
Start importing Assets/Sprites/Enemy/Nautolan/Destroy/Nautolan Ship - Frigate-Sheet.png using Guid(cd2eba5919457cf46ab593ca10197f93) Importer(815301076,1909f56bfc062723c751e8b465ee728b)  -> (artifact id: '8530829b47249ade2011806887ec8a76') in 0.035857 seconds 
========================================================================
Received Import Request.
  Time since last request: 26.419818 seconds.
  path: Assets/Animation/Enemy/Nautolan/Frigate/Nautolan Ship - Frigate.controller
  artifactKey: Guid(d2dcdf65bba9be54ea9219f9206212fd) Importer(815301076,1909f56bfc062723c751e8b465ee728b)
Start importing Assets/Animation/Enemy/Nautolan/Frigate/Nautolan Ship - Frigate.controller using Guid(d2dcdf65bba9be54ea9219f9206212fd) Importer(815301076,1909f56bfc062723c751e8b465ee728b)  -> (artifact id: '1a54e75189f48ce33ef9a870cfb954e4') in 0.014439 seconds 
========================================================================
Received Import Request.
  Time since last request: 17.590980 seconds.
  path: Assets/Animation/Enemy/Nautolan/Frigate/Destroy.anim
  artifactKey: Guid(09e4800c773e1704485cda0a8e0b75bc) Importer(815301076,1909f56bfc062723c751e8b465ee728b)
Start importing Assets/Animation/Enemy/Nautolan/Frigate/Destroy.anim using Guid(09e4800c773e1704485cda0a8e0b75bc) Importer(815301076,1909f56bfc062723c751e8b465ee728b)  -> (artifact id: '400d9f5d897ed6bc19a7ffe127176c7f') in 0.013971 seconds 
========================================================================
Received Import Request.
  Time since last request: 198.784330 seconds.
  path: Assets/Prefabs/Enemies/Nautolan/Nautolan Ship - Frigate.prefab
  artifactKey: Guid(2b867a14ec5137a4db8433bc34dddb49) Importer(815301076,1909f56bfc062723c751e8b465ee728b)
Start importing Assets/Prefabs/Enemies/Nautolan/Nautolan Ship - Frigate.prefab using Guid(2b867a14ec5137a4db8433bc34dddb49) Importer(815301076,1909f56bfc062723c751e8b465ee728b) The Animator Controller (Nautolan Ship - Frigate) you have used is not valid. Animations will not play
UnityEngine.StackTraceUtility:ExtractStackTrace ()
UnityEditor.EditorUtility:Internal_InstantiateRemoveAllNonAnimationComponentsSingle (UnityEngine.Object,UnityEngine.Vector3,UnityEngine.Quaternion)
UnityEditor.EditorUtility:InstantiateRemoveAllNonAnimationComponents (UnityEngine.Object,UnityEngine.Vector3,UnityEngine.Quaternion)
UnityEditor.EditorUtility:InstantiateForAnimatorPreview (UnityEngine.Object)
UnityEditor.GameObjectInspector/PreviewData:UpdateGameObject (UnityEngine.Object)
UnityEditor.GameObjectInspector/PreviewData:.ctor (UnityEngine.Object)
UnityEditor.GameObjectInspector:GetPreviewData ()
UnityEditor.GameObjectInspector:RenderStaticPreview (string,UnityEngine.Object[],int,int)
UnityEditor.AssetPreviewUpdater:CreatePreview (UnityEngine.Object,UnityEngine.Object[],string,int,int)
UnityEditor.AssetPreviewUpdater:CreatePreviewForAsset (UnityEngine.Object,UnityEngine.Object[],string)

[C:\build\output\unity\unity\Modules\Animation\Director\AnimatorControllerPlayable.cpp line 333]

The Animator Controller (Nautolan Ship - Frigate) you have used is not valid. Animations will not play
UnityEngine.StackTraceUtility:ExtractStackTrace ()
UnityEditor.EditorUtility:InitInstantiatedPreviewRecursive (UnityEngine.GameObject)
UnityEditor.EditorUtility:InstantiateForAnimatorPreview (UnityEngine.Object)
UnityEditor.GameObjectInspector/PreviewData:UpdateGameObject (UnityEngine.Object)
UnityEditor.GameObjectInspector/PreviewData:.ctor (UnityEngine.Object)
UnityEditor.GameObjectInspector:GetPreviewData ()
UnityEditor.GameObjectInspector:RenderStaticPreview (string,UnityEngine.Object[],int,int)
UnityEditor.AssetPreviewUpdater:CreatePreview (UnityEngine.Object,UnityEngine.Object[],string,int,int)
UnityEditor.AssetPreviewUpdater:CreatePreviewForAsset (UnityEngine.Object,UnityEngine.Object[],string)

[C:\build\output\unity\unity\Modules\Animation\Director\AnimatorControllerPlayable.cpp line 333]

 -> (artifact id: '153d21f6a6637f3a62794837f042667e') in 0.022058 seconds 
========================================================================
Received Prepare
Registering precompiled user dll's ...
Registered in 0.014649 seconds.
Begin MonoManager ReloadAssembly
Symbol file LoadedFromMemory doesn't match image C:\Unity\Project S\Library\PackageCache\com.unity.visualscripting@1.7.8\Editor\VisualScripting.Core\Dependencies\YamlDotNet\Unity.VisualScripting.YamlDotNet.dll
Symbol file LoadedFromMemory doesn't match image C:\Unity\Project S\Library\PackageCache\com.unity.visualscripting@1.7.8\Editor\VisualScripting.Core\Dependencies\DotNetZip\Unity.VisualScripting.IonicZip.dll
Native extension for WindowsStandalone target not found
Native extension for Android target not found
Refreshing native plugins compatible for Editor in 1.46 ms, found 4 plugins.
Preloading 0 native plugins for Editor in 0.00 ms.
Mono: successfully reloaded assembly
- Completed reload, in  1.486 seconds
Domain Reload Profiling:
	ReloadAssembly (1487ms)
		BeginReloadAssembly (188ms)
			ExecutionOrderSort (0ms)
			DisableScriptedObjects (8ms)
			BackupInstance (0ms)
			ReleaseScriptingObjects (0ms)
			CreateAndSetChildDomain (56ms)
		EndReloadAssembly (1167ms)
			LoadAssemblies (146ms)
			RebuildTransferFunctionScriptingTraits (0ms)
			SetupTypeCache (326ms)
			ReleaseScriptCaches (3ms)
			RebuildScriptCaches (66ms)
			SetupLoadedEditorAssemblies (575ms)
				LogAssemblyErrors (0ms)
				InitializePlatformSupportModulesInManaged (35ms)
				SetLoadedEditorAssemblies (1ms)
				RefreshPlugins (2ms)
				BeforeProcessingInitializeOnLoad (127ms)
				ProcessInitializeOnLoadAttributes (279ms)
				ProcessInitializeOnLoadMethodAttributes (114ms)
				AfterProcessingInitializeOnLoad (18ms)
				EditorAssembliesLoaded (0ms)
			ExecutionOrderSort2 (0ms)
			AwakeInstancesAfterBackupRestoration (17ms)
Platform modules already initialized, skipping
Refreshing native plugins compatible for Editor in 4.97 ms, found 4 plugins.
Preloading 0 native plugins for Editor in 0.00 ms.
Unloading 5403 Unused Serialized files (Serialized files now loaded: 0)
Unloading 45 unused Assets / (1.2 MB). Loaded Objects now: 5928.
Memory consumption went from 212.3 MB to 211.1 MB.
Total: 3.917900 ms (FindLiveObjects: 0.361500 ms CreateObjectMapping: 0.229000 ms MarkObjects: 2.636600 ms  DeleteObjects: 0.689400 ms)

AssetImportParameters requested are different than current active one (requested -> active):
  custom:video-decoder-ogg-theora: a1e56fd34408186e4bbccfd4996cb3dc -> 
  custom:container-muxer-webm: aa71ff27fc2769a1b78a27578f13a17b -> 
  custom:container-demuxer-webm: 4f35f7cbe854078d1ac9338744f61a02 -> 
  custom:video-encoder-webm-vp8: eb34c28f22e8b96e1ab97ce403110664 -> 
  custom:audio-encoder-webm-vorbis: bf7c407c2cedff20999df2af8eb42d56 -> 
  custom:framework-win-MediaFoundation: 216162199b28c13a410421893ffa2e32 -> 
  custom:container-demuxer-ogg: 62fdf1f143b41e24485cea50d1cbac27 -> 
  custom:video-decoder-webm-vp8: 9c59270c3fd7afecdb556c50c9e8de78 -> 
  custom:audio-decoder-ogg-vorbis: bf7c407c2cedff20999df2af8eb42d56 -> 
